2019/09/27 10:49:50 [crit] 1#1: pread() "/etc/nginx/conf.d/default.conf" failed (21: Is a directory)
2019/09/27 10:49:54 [crit] 1#1: pread() "/etc/nginx/conf.d/default.conf" failed (21: Is a directory)
2019/09/27 10:49:57 [crit] 1#1: pread() "/etc/nginx/conf.d/default.conf" failed (21: Is a directory)
2019/09/27 10:50:02 [crit] 1#1: pread() "/etc/nginx/conf.d/default.conf" failed (21: Is a directory)
2019/09/27 10:50:06 [crit] 1#1: pread() "/etc/nginx/conf.d/default.conf" failed (21: Is a directory)
2019/09/27 10:50:10 [crit] 1#1: pread() "/etc/nginx/conf.d/default.conf" failed (21: Is a directory)
2019/09/27 10:50:14 [crit] 1#1: pread() "/etc/nginx/conf.d/default.conf" failed (21: Is a directory)
2019/09/27 10:50:18 [crit] 1#1: pread() "/etc/nginx/conf.d/default.conf" failed (21: Is a directory)
2019/09/27 10:50:21 [crit] 1#1: pread() "/etc/nginx/conf.d/default.conf" failed (21: Is a directory)
2019/09/27 10:50:24 [crit] 1#1: pread() "/etc/nginx/conf.d/default.conf" failed (21: Is a directory)
2019/09/27 10:50:27 [crit] 1#1: pread() "/etc/nginx/conf.d/default.conf" failed (21: Is a directory)
2019/09/27 10:50:31 [crit] 1#1: pread() "/etc/nginx/conf.d/default.conf" failed (21: Is a directory)
2019/09/27 10:50:36 [crit] 1#1: pread() "/etc/nginx/conf.d/default.conf" failed (21: Is a directory)
2019/09/27 10:50:44 [crit] 1#1: pread() "/etc/nginx/conf.d/default.conf" failed (21: Is a directory)
2019/09/27 10:50:59 [crit] 1#1: pread() "/etc/nginx/conf.d/default.conf" failed (21: Is a directory)
2019/09/27 10:51:12 [crit] 1#1: pread() "/etc/nginx/conf.d/default.conf" failed (21: Is a directory)
2019/09/27 10:51:16 [crit] 1#1: pread() "/etc/nginx/conf.d/default.conf" failed (21: Is a directory)
2019/09/27 10:51:19 [crit] 1#1: pread() "/etc/nginx/conf.d/default.conf" failed (21: Is a directory)
2019/09/27 10:51:22 [crit] 1#1: pread() "/etc/nginx/conf.d/default.conf" failed (21: Is a directory)
2019/09/27 10:51:25 [crit] 1#1: pread() "/etc/nginx/conf.d/default.conf" failed (21: Is a directory)
2019/09/27 10:51:30 [crit] 1#1: pread() "/etc/nginx/conf.d/default.conf" failed (21: Is a directory)
2019/09/27 10:51:35 [crit] 1#1: pread() "/etc/nginx/conf.d/default.conf" failed (21: Is a directory)
2019/09/27 10:51:45 [crit] 1#1: pread() "/etc/nginx/conf.d/default.conf" failed (21: Is a directory)
2019/09/27 10:52:00 [crit] 1#1: pread() "/etc/nginx/conf.d/default.conf" failed (21: Is a directory)
2019/09/27 10:52:28 [crit] 1#1: pread() "/etc/nginx/conf.d/default.conf" failed (21: Is a directory)
2019/09/27 10:53:21 [crit] 1#1: pread() "/etc/nginx/conf.d/default.conf" failed (21: Is a directory)
2019/09/27 10:53:29 [crit] 1#1: pread() "/etc/nginx/conf.d/default.conf" failed (21: Is a directory)
2019/09/27 10:53:32 [crit] 1#1: pread() "/etc/nginx/conf.d/default.conf" failed (21: Is a directory)
2019/09/27 10:53:35 [crit] 1#1: pread() "/etc/nginx/conf.d/default.conf" failed (21: Is a directory)
2019/09/27 10:53:39 [crit] 1#1: pread() "/etc/nginx/conf.d/default.conf" failed (21: Is a directory)
2019/09/27 10:53:42 [crit] 1#1: pread() "/etc/nginx/conf.d/default.conf" failed (21: Is a directory)
2019/09/27 10:53:45 [crit] 1#1: pread() "/etc/nginx/conf.d/default.conf" failed (21: Is a directory)
2019/09/27 10:53:50 [crit] 1#1: pread() "/etc/nginx/conf.d/default.conf" failed (21: Is a directory)
2019/09/27 10:53:58 [crit] 1#1: pread() "/etc/nginx/conf.d/default.conf" failed (21: Is a directory)
2019/09/27 10:54:13 [crit] 1#1: pread() "/etc/nginx/conf.d/default.conf" failed (21: Is a directory)
2019/09/27 10:54:41 [crit] 1#1: pread() "/etc/nginx/conf.d/default.conf" failed (21: Is a directory)
2019/09/27 10:55:34 [crit] 1#1: pread() "/etc/nginx/conf.d/default.conf" failed (21: Is a directory)
2019/09/27 10:56:35 [crit] 1#1: pread() "/etc/nginx/conf.d/default.conf" failed (21: Is a directory)
2019/09/27 10:57:37 [crit] 1#1: pread() "/etc/nginx/conf.d/default.conf" failed (21: Is a directory)
2019/09/27 10:58:39 [crit] 1#1: pread() "/etc/nginx/conf.d/default.conf" failed (21: Is a directory)
2019/09/27 10:59:42 [crit] 1#1: pread() "/etc/nginx/conf.d/default.conf" failed (21: Is a directory)
2019/09/27 11:00:43 [crit] 1#1: pread() "/etc/nginx/conf.d/default.conf" failed (21: Is a directory)
2019/09/27 11:01:16 [crit] 1#1: pread() "/etc/nginx/conf.d/default.conf" failed (21: Is a directory)
2019/09/27 11:01:20 [crit] 1#1: pread() "/etc/nginx/conf.d/default.conf" failed (21: Is a directory)
2019/09/27 11:01:23 [crit] 1#1: pread() "/etc/nginx/conf.d/default.conf" failed (21: Is a directory)
2019/09/27 11:01:26 [crit] 1#1: pread() "/etc/nginx/conf.d/default.conf" failed (21: Is a directory)
2019/09/27 11:01:29 [crit] 1#1: pread() "/etc/nginx/conf.d/default.conf" failed (21: Is a directory)
2019/09/27 11:01:32 [crit] 1#1: pread() "/etc/nginx/conf.d/default.conf" failed (21: Is a directory)
2019/09/27 11:01:37 [crit] 1#1: pread() "/etc/nginx/conf.d/default.conf" failed (21: Is a directory)
2019/09/27 11:01:45 [crit] 1#1: pread() "/etc/nginx/conf.d/default.conf" failed (21: Is a directory)
2019/09/27 11:02:00 [crit] 1#1: pread() "/etc/nginx/conf.d/default.conf" failed (21: Is a directory)
2019/09/27 11:02:27 [crit] 1#1: pread() "/etc/nginx/conf.d/default.conf" failed (21: Is a directory)
2019/09/27 11:03:20 [crit] 1#1: pread() "/etc/nginx/conf.d/default.conf" failed (21: Is a directory)
2019/09/27 11:04:22 [crit] 1#1: pread() "/etc/nginx/conf.d/default.conf" failed (21: Is a directory)
2019/09/27 11:05:23 [crit] 1#1: pread() "/etc/nginx/conf.d/default.conf" failed (21: Is a directory)
2019/09/27 11:06:25 [crit] 1#1: pread() "/etc/nginx/conf.d/default.conf" failed (21: Is a directory)
2019/09/27 11:07:27 [crit] 1#1: pread() "/etc/nginx/conf.d/default.conf" failed (21: Is a directory)
2019/09/27 11:08:29 [crit] 1#1: pread() "/etc/nginx/conf.d/default.conf" failed (21: Is a directory)
2019/09/27 11:09:31 [crit] 1#1: pread() "/etc/nginx/conf.d/default.conf" failed (21: Is a directory)
2019/09/27 11:10:33 [crit] 1#1: pread() "/etc/nginx/conf.d/default.conf" failed (21: Is a directory)
2019/09/27 11:11:34 [crit] 1#1: pread() "/etc/nginx/conf.d/default.conf" failed (21: Is a directory)
2019/09/27 11:12:36 [crit] 1#1: pread() "/etc/nginx/conf.d/default.conf" failed (21: Is a directory)
2019/09/27 11:13:38 [crit] 1#1: pread() "/etc/nginx/conf.d/default.conf" failed (21: Is a directory)
2019/09/27 11:14:40 [crit] 1#1: pread() "/etc/nginx/conf.d/default.conf" failed (21: Is a directory)
2019/09/27 11:15:42 [crit] 1#1: pread() "/etc/nginx/conf.d/default.conf" failed (21: Is a directory)
2019/09/27 11:16:44 [crit] 1#1: pread() "/etc/nginx/conf.d/default.conf" failed (21: Is a directory)
2019/09/27 11:17:46 [crit] 1#1: pread() "/etc/nginx/conf.d/default.conf" failed (21: Is a directory)
2019/09/27 11:18:39 [crit] 1#1: pread() "/etc/nginx/conf.d/default.conf" failed (21: Is a directory)
2019/09/27 11:18:43 [crit] 1#1: pread() "/etc/nginx/conf.d/default.conf" failed (21: Is a directory)
2019/09/27 11:18:46 [crit] 1#1: pread() "/etc/nginx/conf.d/default.conf" failed (21: Is a directory)
2019/09/27 11:18:49 [crit] 1#1: pread() "/etc/nginx/conf.d/default.conf" failed (21: Is a directory)
2019/09/27 11:18:53 [crit] 1#1: pread() "/etc/nginx/conf.d/default.conf" failed (21: Is a directory)
2019/09/27 11:18:59 [crit] 1#1: pread() "/etc/nginx/conf.d/default.conf" failed (21: Is a directory)
2019/09/27 11:19:05 [crit] 1#1: pread() "/etc/nginx/conf.d/default.conf" failed (21: Is a directory)
2019/09/27 11:19:09 [crit] 1#1: pread() "/etc/nginx/conf.d/default.conf" failed (21: Is a directory)
2019/09/27 11:19:12 [crit] 1#1: pread() "/etc/nginx/conf.d/default.conf" failed (21: Is a directory)
2019/09/27 11:19:16 [crit] 1#1: pread() "/etc/nginx/conf.d/default.conf" failed (21: Is a directory)
2019/09/27 11:19:18 [crit] 1#1: pread() "/etc/nginx/conf.d/default.conf" failed (21: Is a directory)
2019/09/27 11:19:22 [crit] 1#1: pread() "/etc/nginx/conf.d/default.conf" failed (21: Is a directory)
2019/09/27 11:19:27 [crit] 1#1: pread() "/etc/nginx/conf.d/default.conf" failed (21: Is a directory)
2019/09/27 11:19:35 [crit] 1#1: pread() "/etc/nginx/conf.d/default.conf" failed (21: Is a directory)
2019/09/27 11:19:50 [crit] 1#1: pread() "/etc/nginx/conf.d/default.conf" failed (21: Is a directory)
2019/09/27 11:20:17 [crit] 1#1: pread() "/etc/nginx/conf.d/default.conf" failed (21: Is a directory)
2019/09/27 11:21:10 [crit] 1#1: pread() "/etc/nginx/conf.d/default.conf" failed (21: Is a directory)
2019/09/27 11:22:13 [crit] 1#1: pread() "/etc/nginx/conf.d/default.conf" failed (21: Is a directory)
2019/09/27 11:23:15 [crit] 1#1: pread() "/etc/nginx/conf.d/default.conf" failed (21: Is a directory)
2019/09/27 11:24:16 [crit] 1#1: pread() "/etc/nginx/conf.d/default.conf" failed (21: Is a directory)
2019/09/27 11:25:18 [crit] 1#1: pread() "/etc/nginx/conf.d/default.conf" failed (21: Is a directory)
2019/09/27 11:26:20 [crit] 1#1: pread() "/etc/nginx/conf.d/default.conf" failed (21: Is a directory)
2019/09/27 11:27:22 [crit] 1#1: pread() "/etc/nginx/conf.d/default.conf" failed (21: Is a directory)
2019/09/27 11:28:23 [crit] 1#1: pread() "/etc/nginx/conf.d/default.conf" failed (21: Is a directory)
2019/09/27 11:29:25 [crit] 1#1: pread() "/etc/nginx/conf.d/default.conf" failed (21: Is a directory)
2019/09/27 11:30:04 [crit] 1#1: pread() "/etc/nginx/conf.d/default.conf" failed (21: Is a directory)
2019/09/27 11:30:07 [crit] 1#1: pread() "/etc/nginx/conf.d/default.conf" failed (21: Is a directory)
2019/09/27 11:30:10 [crit] 1#1: pread() "/etc/nginx/conf.d/default.conf" failed (21: Is a directory)
2019/09/27 11:30:13 [crit] 1#1: pread() "/etc/nginx/conf.d/default.conf" failed (21: Is a directory)
2019/09/27 11:30:16 [crit] 1#1: pread() "/etc/nginx/conf.d/default.conf" failed (21: Is a directory)
2019/09/27 11:30:19 [crit] 1#1: pread() "/etc/nginx/conf.d/default.conf" failed (21: Is a directory)
2019/09/27 11:30:24 [crit] 1#1: pread() "/etc/nginx/conf.d/default.conf" failed (21: Is a directory)
2019/09/27 11:30:32 [crit] 1#1: pread() "/etc/nginx/conf.d/default.conf" failed (21: Is a directory)
2019/09/27 11:30:47 [crit] 1#1: pread() "/etc/nginx/conf.d/default.conf" failed (21: Is a directory)
2019/09/27 11:31:15 [crit] 1#1: pread() "/etc/nginx/conf.d/default.conf" failed (21: Is a directory)
2019/09/27 11:32:08 [crit] 1#1: pread() "/etc/nginx/conf.d/default.conf" failed (21: Is a directory)
2019/09/27 11:33:09 [crit] 1#1: pread() "/etc/nginx/conf.d/default.conf" failed (21: Is a directory)
2019/09/27 11:34:11 [crit] 1#1: pread() "/etc/nginx/conf.d/default.conf" failed (21: Is a directory)
2019/09/27 11:35:13 [crit] 1#1: pread() "/etc/nginx/conf.d/default.conf" failed (21: Is a directory)
2019/09/27 11:36:59 [crit] 1#1: pread() "/etc/nginx/conf.d/default.conf" failed (21: Is a directory)
2019/09/27 11:37:05 [crit] 1#1: pread() "/etc/nginx/conf.d/default.conf" failed (21: Is a directory)
2019/09/27 11:37:08 [crit] 1#1: pread() "/etc/nginx/conf.d/default.conf" failed (21: Is a directory)
2019/09/27 11:37:12 [crit] 1#1: pread() "/etc/nginx/conf.d/default.conf" failed (21: Is a directory)
2019/09/27 11:37:15 [crit] 1#1: pread() "/etc/nginx/conf.d/default.conf" failed (21: Is a directory)
2019/09/27 11:37:18 [crit] 1#1: pread() "/etc/nginx/conf.d/default.conf" failed (21: Is a directory)
2019/09/27 11:37:23 [crit] 1#1: pread() "/etc/nginx/conf.d/default.conf" failed (21: Is a directory)
2019/09/27 11:37:32 [crit] 1#1: pread() "/etc/nginx/conf.d/default.conf" failed (21: Is a directory)
2019/09/27 11:37:47 [crit] 1#1: pread() "/etc/nginx/conf.d/default.conf" failed (21: Is a directory)
2019/09/27 11:38:14 [crit] 1#1: pread() "/etc/nginx/conf.d/default.conf" failed (21: Is a directory)
2019/09/27 11:39:07 [crit] 1#1: pread() "/etc/nginx/conf.d/default.conf" failed (21: Is a directory)
2019/09/27 11:40:09 [crit] 1#1: pread() "/etc/nginx/conf.d/default.conf" failed (21: Is a directory)
2019/09/27 11:41:11 [crit] 1#1: pread() "/etc/nginx/conf.d/default.conf" failed (21: Is a directory)
2019/09/27 11:42:13 [crit] 1#1: pread() "/etc/nginx/conf.d/default.conf" failed (21: Is a directory)
2019/09/27 11:43:15 [crit] 1#1: pread() "/etc/nginx/conf.d/default.conf" failed (21: Is a directory)
2019/09/27 11:44:17 [crit] 1#1: pread() "/etc/nginx/conf.d/default.conf" failed (21: Is a directory)
2019/09/27 11:45:19 [crit] 1#1: pread() "/etc/nginx/conf.d/default.conf" failed (21: Is a directory)
2019/09/27 11:46:21 [crit] 1#1: pread() "/etc/nginx/conf.d/default.conf" failed (21: Is a directory)
2019/09/27 11:47:23 [crit] 1#1: pread() "/etc/nginx/conf.d/default.conf" failed (21: Is a directory)
2019/09/27 11:48:26 [crit] 1#1: pread() "/etc/nginx/conf.d/default.conf" failed (21: Is a directory)
2019/09/27 11:49:27 [crit] 1#1: pread() "/etc/nginx/conf.d/default.conf" failed (21: Is a directory)
2019/09/27 11:50:29 [crit] 1#1: pread() "/etc/nginx/conf.d/default.conf" failed (21: Is a directory)
2019/09/27 11:51:31 [crit] 1#1: pread() "/etc/nginx/conf.d/default.conf" failed (21: Is a directory)
2019/09/27 11:52:33 [crit] 1#1: pread() "/etc/nginx/conf.d/default.conf" failed (21: Is a directory)
2019/09/27 11:53:30 [crit] 1#1: pread() "/etc/nginx/conf.d/default.conf" failed (21: Is a directory)
2019/09/27 11:53:33 [crit] 1#1: pread() "/etc/nginx/conf.d/default.conf" failed (21: Is a directory)
2019/09/27 11:53:37 [crit] 1#1: pread() "/etc/nginx/conf.d/default.conf" failed (21: Is a directory)
2019/09/27 11:53:40 [crit] 1#1: pread() "/etc/nginx/conf.d/default.conf" failed (21: Is a directory)
2019/09/27 11:53:42 [crit] 1#1: pread() "/etc/nginx/conf.d/default.conf" failed (21: Is a directory)
2019/09/27 11:53:46 [crit] 1#1: pread() "/etc/nginx/conf.d/default.conf" failed (21: Is a directory)
2019/09/27 11:53:51 [crit] 1#1: pread() "/etc/nginx/conf.d/default.conf" failed (21: Is a directory)
2019/09/27 11:53:59 [crit] 1#1: pread() "/etc/nginx/conf.d/default.conf" failed (21: Is a directory)
2019/09/27 11:54:13 [crit] 1#1: pread() "/etc/nginx/conf.d/default.conf" failed (21: Is a directory)
2019/09/27 11:54:41 [crit] 1#1: pread() "/etc/nginx/conf.d/default.conf" failed (21: Is a directory)
2019/09/27 11:55:34 [crit] 1#1: pread() "/etc/nginx/conf.d/default.conf" failed (21: Is a directory)
2019/09/27 11:56:36 [crit] 1#1: pread() "/etc/nginx/conf.d/default.conf" failed (21: Is a directory)
2019/09/27 11:57:37 [crit] 1#1: pread() "/etc/nginx/conf.d/default.conf" failed (21: Is a directory)
2019/09/27 11:58:39 [crit] 1#1: pread() "/etc/nginx/conf.d/default.conf" failed (21: Is a directory)
2019/09/27 11:59:41 [crit] 1#1: pread() "/etc/nginx/conf.d/default.conf" failed (21: Is a directory)
2019/09/27 12:00:43 [crit] 1#1: pread() "/etc/nginx/conf.d/default.conf" failed (21: Is a directory)
2019/09/27 12:01:44 [crit] 1#1: pread() "/etc/nginx/conf.d/default.conf" failed (21: Is a directory)
2019/09/27 12:02:46 [crit] 1#1: pread() "/etc/nginx/conf.d/default.conf" failed (21: Is a directory)
2019/09/27 12:03:48 [crit] 1#1: pread() "/etc/nginx/conf.d/default.conf" failed (21: Is a directory)
2019/09/27 12:04:49 [crit] 1#1: pread() "/etc/nginx/conf.d/default.conf" failed (21: Is a directory)
2019/09/27 12:05:51 [crit] 1#1: pread() "/etc/nginx/conf.d/default.conf" failed (21: Is a directory)
2019/09/27 12:06:53 [crit] 1#1: pread() "/etc/nginx/conf.d/default.conf" failed (21: Is a directory)
2019/09/27 12:07:55 [crit] 1#1: pread() "/etc/nginx/conf.d/default.conf" failed (21: Is a directory)
2019/09/27 12:08:56 [crit] 1#1: pread() "/etc/nginx/conf.d/default.conf" failed (21: Is a directory)
2019/09/27 12:09:58 [crit] 1#1: pread() "/etc/nginx/conf.d/default.conf" failed (21: Is a directory)
2019/09/27 12:11:00 [crit] 1#1: pread() "/etc/nginx/conf.d/default.conf" failed (21: Is a directory)
2019/09/27 12:12:01 [crit] 1#1: pread() "/etc/nginx/conf.d/default.conf" failed (21: Is a directory)
2019/09/27 12:13:03 [crit] 1#1: pread() "/etc/nginx/conf.d/default.conf" failed (21: Is a directory)
2019/09/27 12:14:05 [crit] 1#1: pread() "/etc/nginx/conf.d/default.conf" failed (21: Is a directory)
2019/09/27 12:15:07 [crit] 1#1: pread() "/etc/nginx/conf.d/default.conf" failed (21: Is a directory)
2019/09/27 12:16:08 [crit] 1#1: pread() "/etc/nginx/conf.d/default.conf" failed (21: Is a directory)
2019/09/27 12:17:10 [crit] 1#1: pread() "/etc/nginx/conf.d/default.conf" failed (21: Is a directory)
2019/09/27 12:18:12 [crit] 1#1: pread() "/etc/nginx/conf.d/default.conf" failed (21: Is a directory)
2019/09/27 12:19:13 [crit] 1#1: pread() "/etc/nginx/conf.d/default.conf" failed (21: Is a directory)
2019/09/27 12:20:15 [crit] 1#1: pread() "/etc/nginx/conf.d/default.conf" failed (21: Is a directory)
2019/09/27 12:21:17 [crit] 1#1: pread() "/etc/nginx/conf.d/default.conf" failed (21: Is a directory)
2019/09/27 12:22:18 [crit] 1#1: pread() "/etc/nginx/conf.d/default.conf" failed (21: Is a directory)
2019/09/27 12:23:20 [crit] 1#1: pread() "/etc/nginx/conf.d/default.conf" failed (21: Is a directory)
2019/09/27 12:24:22 [crit] 1#1: pread() "/etc/nginx/conf.d/default.conf" failed (21: Is a directory)
2019/09/27 12:25:23 [crit] 1#1: pread() "/etc/nginx/conf.d/default.conf" failed (21: Is a directory)
2019/09/27 12:26:25 [crit] 1#1: pread() "/etc/nginx/conf.d/default.conf" failed (21: Is a directory)
2019/09/27 12:27:27 [crit] 1#1: pread() "/etc/nginx/conf.d/default.conf" failed (21: Is a directory)
2019/09/27 12:28:29 [crit] 1#1: pread() "/etc/nginx/conf.d/default.conf" failed (21: Is a directory)
2019/09/27 12:29:30 [crit] 1#1: pread() "/etc/nginx/conf.d/default.conf" failed (21: Is a directory)
2019/09/27 12:30:32 [crit] 1#1: pread() "/etc/nginx/conf.d/default.conf" failed (21: Is a directory)
2019/09/27 12:31:34 [crit] 1#1: pread() "/etc/nginx/conf.d/default.conf" failed (21: Is a directory)
2019/09/27 12:32:36 [crit] 1#1: pread() "/etc/nginx/conf.d/default.conf" failed (21: Is a directory)
2019/09/27 12:33:38 [crit] 1#1: pread() "/etc/nginx/conf.d/default.conf" failed (21: Is a directory)
2019/09/27 12:34:39 [crit] 1#1: pread() "/etc/nginx/conf.d/default.conf" failed (21: Is a directory)
2019/09/27 12:35:41 [crit] 1#1: pread() "/etc/nginx/conf.d/default.conf" failed (21: Is a directory)
2019/09/27 12:36:43 [crit] 1#1: pread() "/etc/nginx/conf.d/default.conf" failed (21: Is a directory)
2019/09/27 12:37:45 [crit] 1#1: pread() "/etc/nginx/conf.d/default.conf" failed (21: Is a directory)
2019/09/27 12:38:47 [crit] 1#1: pread() "/etc/nginx/conf.d/default.conf" failed (21: Is a directory)
2019/09/27 12:39:49 [crit] 1#1: pread() "/etc/nginx/conf.d/default.conf" failed (21: Is a directory)
2019/09/27 12:40:50 [crit] 1#1: pread() "/etc/nginx/conf.d/default.conf" failed (21: Is a directory)
2019/09/27 12:41:53 [crit] 1#1: pread() "/etc/nginx/conf.d/default.conf" failed (21: Is a directory)
2019/09/27 12:42:55 [crit] 1#1: pread() "/etc/nginx/conf.d/default.conf" failed (21: Is a directory)
2019/09/27 12:43:57 [crit] 1#1: pread() "/etc/nginx/conf.d/default.conf" failed (21: Is a directory)
2019/09/27 12:44:58 [crit] 1#1: pread() "/etc/nginx/conf.d/default.conf" failed (21: Is a directory)
2019/09/27 12:46:00 [crit] 1#1: pread() "/etc/nginx/conf.d/default.conf" failed (21: Is a directory)
2019/09/27 12:47:02 [crit] 1#1: pread() "/etc/nginx/conf.d/default.conf" failed (21: Is a directory)
2019/09/27 12:48:04 [crit] 1#1: pread() "/etc/nginx/conf.d/default.conf" failed (21: Is a directory)
2019/09/27 12:56:40 [crit] 1#1: pread() "/etc/nginx/conf.d/default.conf" failed (21: Is a directory)
2019/09/27 12:56:43 [crit] 1#1: pread() "/etc/nginx/conf.d/default.conf" failed (21: Is a directory)
2019/09/27 12:56:46 [crit] 1#1: pread() "/etc/nginx/conf.d/default.conf" failed (21: Is a directory)
2019/09/27 12:56:49 [crit] 1#1: pread() "/etc/nginx/conf.d/default.conf" failed (21: Is a directory)
2019/09/27 12:56:53 [crit] 1#1: pread() "/etc/nginx/conf.d/default.conf" failed (21: Is a directory)
2019/09/27 12:56:56 [crit] 1#1: pread() "/etc/nginx/conf.d/default.conf" failed (21: Is a directory)
2019/09/27 12:57:01 [crit] 1#1: pread() "/etc/nginx/conf.d/default.conf" failed (21: Is a directory)
2019/09/27 12:57:09 [crit] 1#1: pread() "/etc/nginx/conf.d/default.conf" failed (21: Is a directory)
2019/09/27 12:57:24 [crit] 1#1: pread() "/etc/nginx/conf.d/default.conf" failed (21: Is a directory)
2019/09/27 13:05:56 [crit] 1#1: pread() "/etc/nginx/conf.d/default.conf" failed (21: Is a directory)
2019/09/27 13:06:08 [crit] 1#1: pread() "/etc/nginx/conf.d/default.conf" failed (21: Is a directory)
2019/09/27 13:06:24 [crit] 1#1: pread() "/etc/nginx/conf.d/default.conf" failed (21: Is a directory)
2019/09/27 13:06:38 [crit] 1#1: pread() "/etc/nginx/conf.d/default.conf" failed (21: Is a directory)
2019/09/27 13:06:50 [crit] 1#1: pread() "/etc/nginx/conf.d/default.conf" failed (21: Is a directory)
2019/09/27 13:07:01 [crit] 1#1: pread() "/etc/nginx/conf.d/default.conf" failed (21: Is a directory)
2019/09/27 13:07:12 [crit] 1#1: pread() "/etc/nginx/conf.d/default.conf" failed (21: Is a directory)
2019/09/27 13:07:23 [crit] 1#1: pread() "/etc/nginx/conf.d/default.conf" failed (21: Is a directory)
2019/09/27 13:07:39 [crit] 1#1: pread() "/etc/nginx/conf.d/default.conf" failed (21: Is a directory)
2019/09/27 13:08:15 [crit] 1#1: pread() "/etc/nginx/conf.d/default.conf" failed (21: Is a directory)
2019/09/27 13:09:14 [crit] 1#1: pread() "/etc/nginx/conf.d/default.conf" failed (21: Is a directory)
2019/09/27 13:10:20 [crit] 1#1: pread() "/etc/nginx/conf.d/default.conf" failed (21: Is a directory)
2019/09/27 13:11:23 [crit] 1#1: pread() "/etc/nginx/conf.d/default.conf" failed (21: Is a directory)
2019/09/27 13:12:25 [crit] 1#1: pread() "/etc/nginx/conf.d/default.conf" failed (21: Is a directory)
2019/09/27 13:13:27 [crit] 1#1: pread() "/etc/nginx/conf.d/default.conf" failed (21: Is a directory)
2019/09/27 13:14:29 [crit] 1#1: pread() "/etc/nginx/conf.d/default.conf" failed (21: Is a directory)
2019/09/27 13:14:48 [crit] 1#1: pread() "/etc/nginx/conf.d/default.conf" failed (21: Is a directory)
2019/09/27 13:14:55 [crit] 1#1: pread() "/etc/nginx/conf.d/default.conf" failed (21: Is a directory)
2019/09/27 13:14:59 [crit] 1#1: pread() "/etc/nginx/conf.d/default.conf" failed (21: Is a directory)
2019/09/27 13:15:04 [crit] 1#1: pread() "/etc/nginx/conf.d/default.conf" failed (21: Is a directory)
2019/09/27 13:15:09 [crit] 1#1: pread() "/etc/nginx/conf.d/default.conf" failed (21: Is a directory)
2019/09/27 13:15:16 [crit] 1#1: pread() "/etc/nginx/conf.d/default.conf" failed (21: Is a directory)
2019/09/27 13:15:21 [crit] 1#1: pread() "/etc/nginx/conf.d/default.conf" failed (21: Is a directory)
2019/09/27 13:15:30 [crit] 1#1: pread() "/etc/nginx/conf.d/default.conf" failed (21: Is a directory)
2019/09/27 13:15:44 [crit] 1#1: pread() "/etc/nginx/conf.d/default.conf" failed (21: Is a directory)
2019/09/27 13:16:13 [crit] 1#1: pread() "/etc/nginx/conf.d/default.conf" failed (21: Is a directory)
2019/09/27 13:17:06 [crit] 1#1: pread() "/etc/nginx/conf.d/default.conf" failed (21: Is a directory)
2019/09/27 13:18:08 [crit] 1#1: pread() "/etc/nginx/conf.d/default.conf" failed (21: Is a directory)
2019/09/27 13:19:10 [crit] 1#1: pread() "/etc/nginx/conf.d/default.conf" failed (21: Is a directory)
2019/09/27 13:20:05 [crit] 1#1: pread() "/etc/nginx/conf.d/default.conf" failed (21: Is a directory)
2019/09/27 13:20:11 [crit] 1#1: pread() "/etc/nginx/conf.d/default.conf" failed (21: Is a directory)
2019/09/27 13:20:16 [crit] 1#1: pread() "/etc/nginx/conf.d/default.conf" failed (21: Is a directory)
2019/09/27 13:20:23 [crit] 1#1: pread() "/etc/nginx/conf.d/default.conf" failed (21: Is a directory)
2019/09/27 13:20:27 [crit] 1#1: pread() "/etc/nginx/conf.d/default.conf" failed (21: Is a directory)
2019/09/27 13:20:32 [crit] 1#1: pread() "/etc/nginx/conf.d/default.conf" failed (21: Is a directory)
2019/09/27 13:20:37 [crit] 1#1: pread() "/etc/nginx/conf.d/default.conf" failed (21: Is a directory)
2019/09/27 13:20:46 [crit] 1#1: pread() "/etc/nginx/conf.d/default.conf" failed (21: Is a directory)
2019/09/27 13:21:01 [crit] 1#1: pread() "/etc/nginx/conf.d/default.conf" failed (21: Is a directory)
2019/09/27 13:21:21 [crit] 1#1: pread() "/etc/nginx/conf.d/default.conf" failed (21: Is a directory)
2019/09/27 13:21:26 [crit] 1#1: pread() "/etc/nginx/conf.d/default.conf" failed (21: Is a directory)
2019/09/27 13:21:31 [crit] 1#1: pread() "/etc/nginx/conf.d/default.conf" failed (21: Is a directory)
2019/09/27 13:21:38 [crit] 1#1: pread() "/etc/nginx/conf.d/default.conf" failed (21: Is a directory)
2019/09/27 13:21:42 [crit] 1#1: pread() "/etc/nginx/conf.d/default.conf" failed (21: Is a directory)
2019/09/27 13:21:47 [crit] 1#1: pread() "/etc/nginx/conf.d/default.conf" failed (21: Is a directory)
2019/09/27 13:21:52 [crit] 1#1: pread() "/etc/nginx/conf.d/default.conf" failed (21: Is a directory)
2019/09/27 13:22:00 [crit] 1#1: pread() "/etc/nginx/conf.d/default.conf" failed (21: Is a directory)
2019/09/27 13:22:15 [crit] 1#1: pread() "/etc/nginx/conf.d/default.conf" failed (21: Is a directory)
2019/09/27 13:22:43 [crit] 1#1: pread() "/etc/nginx/conf.d/default.conf" failed (21: Is a directory)
2019/09/27 13:23:36 [crit] 1#1: pread() "/etc/nginx/conf.d/default.conf" failed (21: Is a directory)
2019/09/27 13:23:56 [crit] 1#1: pread() "/etc/nginx/conf.d/default.conf" failed (21: Is a directory)
2019/09/27 13:24:01 [crit] 1#1: pread() "/etc/nginx/conf.d/default.conf" failed (21: Is a directory)
2019/09/27 13:24:07 [crit] 1#1: pread() "/etc/nginx/conf.d/default.conf" failed (21: Is a directory)
2019/09/27 13:24:11 [crit] 1#1: pread() "/etc/nginx/conf.d/default.conf" failed (21: Is a directory)
2019/09/27 13:24:15 [crit] 1#1: pread() "/etc/nginx/conf.d/default.conf" failed (21: Is a directory)
2019/09/27 13:24:20 [crit] 1#1: pread() "/etc/nginx/conf.d/default.conf" failed (21: Is a directory)
2019/09/27 13:24:25 [crit] 1#1: pread() "/etc/nginx/conf.d/default.conf" failed (21: Is a directory)
2019/09/27 13:24:34 [crit] 1#1: pread() "/etc/nginx/conf.d/default.conf" failed (21: Is a directory)
2019/09/27 13:24:48 [crit] 1#1: pread() "/etc/nginx/conf.d/default.conf" failed (21: Is a directory)
2019/09/27 13:25:16 [crit] 1#1: pread() "/etc/nginx/conf.d/default.conf" failed (21: Is a directory)
2019/09/27 13:26:09 [crit] 1#1: pread() "/etc/nginx/conf.d/default.conf" failed (21: Is a directory)
2019/09/27 13:27:10 [crit] 1#1: pread() "/etc/nginx/conf.d/default.conf" failed (21: Is a directory)
2019/09/27 13:27:27 [crit] 1#1: pread() "/etc/nginx/conf.d/default.conf" failed (21: Is a directory)
2019/09/27 13:27:31 [crit] 1#1: pread() "/etc/nginx/conf.d/default.conf" failed (21: Is a directory)
2019/09/27 13:27:35 [crit] 1#1: pread() "/etc/nginx/conf.d/default.conf" failed (21: Is a directory)
2019/09/27 13:27:41 [crit] 1#1: pread() "/etc/nginx/conf.d/default.conf" failed (21: Is a directory)
2019/09/27 13:27:46 [crit] 1#1: pread() "/etc/nginx/conf.d/default.conf" failed (21: Is a directory)
2019/09/27 13:27:51 [crit] 1#1: pread() "/etc/nginx/conf.d/default.conf" failed (21: Is a directory)
2019/09/27 13:27:57 [crit] 1#1: pread() "/etc/nginx/conf.d/default.conf" failed (21: Is a directory)
2019/09/27 13:28:06 [crit] 1#1: pread() "/etc/nginx/conf.d/default.conf" failed (21: Is a directory)
2019/09/27 13:28:21 [crit] 1#1: pread() "/etc/nginx/conf.d/default.conf" failed (21: Is a directory)
2019/09/27 13:28:30 [crit] 1#1: pread() "/etc/nginx/conf.d/default.conf" failed (21: Is a directory)
2019/09/27 13:28:36 [crit] 1#1: pread() "/etc/nginx/conf.d/default.conf" failed (21: Is a directory)
2019/09/27 13:28:41 [crit] 1#1: pread() "/etc/nginx/conf.d/default.conf" failed (21: Is a directory)
2019/09/27 13:28:46 [crit] 1#1: pread() "/etc/nginx/conf.d/default.conf" failed (21: Is a directory)
2019/09/27 13:28:52 [crit] 1#1: pread() "/etc/nginx/conf.d/default.conf" failed (21: Is a directory)
2019/09/27 13:28:57 [crit] 1#1: pread() "/etc/nginx/conf.d/default.conf" failed (21: Is a directory)
2019/09/27 13:29:04 [crit] 1#1: pread() "/etc/nginx/conf.d/default.conf" failed (21: Is a directory)
2019/09/27 13:29:12 [crit] 1#1: pread() "/etc/nginx/conf.d/default.conf" failed (21: Is a directory)
2019/09/27 13:29:27 [crit] 1#1: pread() "/etc/nginx/conf.d/default.conf" failed (21: Is a directory)
2019/09/27 13:29:54 [crit] 1#1: pread() "/etc/nginx/conf.d/default.conf" failed (21: Is a directory)
2019/09/27 13:30:48 [crit] 1#1: pread() "/etc/nginx/conf.d/default.conf" failed (21: Is a directory)
2019/09/27 13:31:50 [crit] 1#1: pread() "/etc/nginx/conf.d/default.conf" failed (21: Is a directory)
2019/09/27 13:32:52 [crit] 1#1: pread() "/etc/nginx/conf.d/default.conf" failed (21: Is a directory)
2019/09/27 13:33:54 [crit] 1#1: pread() "/etc/nginx/conf.d/default.conf" failed (21: Is a directory)
2019/09/27 13:34:56 [crit] 1#1: pread() "/etc/nginx/conf.d/default.conf" failed (21: Is a directory)
2019/09/27 13:35:58 [crit] 1#1: pread() "/etc/nginx/conf.d/default.conf" failed (21: Is a directory)
2019/09/27 13:37:03 [crit] 1#1: pread() "/etc/nginx/conf.d/default.conf" failed (21: Is a directory)
2019/09/27 13:38:07 [crit] 1#1: pread() "/etc/nginx/conf.d/default.conf" failed (21: Is a directory)
2019/09/27 13:39:09 [crit] 1#1: pread() "/etc/nginx/conf.d/default.conf" failed (21: Is a directory)
2019/09/27 13:40:11 [crit] 1#1: pread() "/etc/nginx/conf.d/default.conf" failed (21: Is a directory)
2019/09/27 13:41:13 [crit] 1#1: pread() "/etc/nginx/conf.d/default.conf" failed (21: Is a directory)
2019/09/27 13:42:15 [crit] 1#1: pread() "/etc/nginx/conf.d/default.conf" failed (21: Is a directory)
2019/09/27 13:42:43 [crit] 1#1: pread() "/etc/nginx/conf.d/default.conf" failed (21: Is a directory)
2019/09/27 13:42:48 [crit] 1#1: pread() "/etc/nginx/conf.d/default.conf" failed (21: Is a directory)
2019/09/27 13:42:53 [crit] 1#1: pread() "/etc/nginx/conf.d/default.conf" failed (21: Is a directory)
2019/09/27 13:42:57 [crit] 1#1: pread() "/etc/nginx/conf.d/default.conf" failed (21: Is a directory)
2019/09/27 13:43:02 [crit] 1#1: pread() "/etc/nginx/conf.d/default.conf" failed (21: Is a directory)
2019/09/27 13:43:06 [crit] 1#1: pread() "/etc/nginx/conf.d/default.conf" failed (21: Is a directory)
2019/09/27 13:43:11 [crit] 1#1: pread() "/etc/nginx/conf.d/default.conf" failed (21: Is a directory)
2019/09/27 13:43:21 [crit] 1#1: pread() "/etc/nginx/conf.d/default.conf" failed (21: Is a directory)
2019/09/27 13:43:38 [crit] 1#1: pread() "/etc/nginx/conf.d/default.conf" failed (21: Is a directory)
2019/09/27 13:44:05 [crit] 1#1: pread() "/etc/nginx/conf.d/default.conf" failed (21: Is a directory)
2019/09/27 13:45:10 [crit] 1#1: pread() "/etc/nginx/conf.d/default.conf" failed (21: Is a directory)
2019/09/27 13:45:14 [crit] 1#1: pread() "/etc/nginx/conf.d/default.conf" failed (21: Is a directory)
2019/09/27 13:45:18 [crit] 1#1: pread() "/etc/nginx/conf.d/default.conf" failed (21: Is a directory)
2019/09/27 13:45:23 [crit] 1#1: pread() "/etc/nginx/conf.d/default.conf" failed (21: Is a directory)
2019/09/27 13:45:29 [crit] 1#1: pread() "/etc/nginx/conf.d/default.conf" failed (21: Is a directory)
2019/09/27 13:45:34 [crit] 1#1: pread() "/etc/nginx/conf.d/default.conf" failed (21: Is a directory)
2019/09/27 13:45:39 [crit] 1#1: pread() "/etc/nginx/conf.d/default.conf" failed (21: Is a directory)
2019/09/27 13:45:48 [crit] 1#1: pread() "/etc/nginx/conf.d/default.conf" failed (21: Is a directory)
2019/09/27 13:46:04 [crit] 1#1: pread() "/etc/nginx/conf.d/default.conf" failed (21: Is a directory)
2019/09/27 13:46:32 [crit] 1#1: pread() "/etc/nginx/conf.d/default.conf" failed (21: Is a directory)
2019/09/27 13:47:14 [crit] 1#1: pread() "/etc/nginx/conf.d/default.conf" failed (21: Is a directory)
2019/09/27 13:47:18 [crit] 1#1: pread() "/etc/nginx/conf.d/default.conf" failed (21: Is a directory)
2019/09/27 13:47:23 [crit] 1#1: pread() "/etc/nginx/conf.d/default.conf" failed (21: Is a directory)
2019/09/27 13:47:27 [crit] 1#1: pread() "/etc/nginx/conf.d/default.conf" failed (21: Is a directory)
2019/09/27 13:47:34 [crit] 1#1: pread() "/etc/nginx/conf.d/default.conf" failed (21: Is a directory)
2019/09/27 13:47:39 [crit] 1#1: pread() "/etc/nginx/conf.d/default.conf" failed (21: Is a directory)
2019/09/27 13:47:46 [crit] 1#1: pread() "/etc/nginx/conf.d/default.conf" failed (21: Is a directory)
2019/09/27 13:47:55 [crit] 1#1: pread() "/etc/nginx/conf.d/default.conf" failed (21: Is a directory)
2019/09/27 13:48:11 [crit] 1#1: pread() "/etc/nginx/conf.d/default.conf" failed (21: Is a directory)
2019/09/27 13:48:38 [crit] 1#1: pread() "/etc/nginx/conf.d/default.conf" failed (21: Is a directory)
2019/09/27 13:49:31 [crit] 1#1: pread() "/etc/nginx/conf.d/default.conf" failed (21: Is a directory)
2019/09/27 13:50:33 [crit] 1#1: pread() "/etc/nginx/conf.d/default.conf" failed (21: Is a directory)
2019/09/27 13:51:34 [crit] 1#1: pread() "/etc/nginx/conf.d/default.conf" failed (21: Is a directory)
2019/09/27 13:51:41 [crit] 1#1: pread() "/etc/nginx/conf.d/default.conf" failed (21: Is a directory)
2019/09/27 13:51:46 [crit] 1#1: pread() "/etc/nginx/conf.d/default.conf" failed (21: Is a directory)
2019/09/27 13:51:49 [crit] 1#1: pread() "/etc/nginx/conf.d/default.conf" failed (21: Is a directory)
2019/09/27 13:51:53 [crit] 1#1: pread() "/etc/nginx/conf.d/default.conf" failed (21: Is a directory)
2019/09/27 13:51:57 [crit] 1#1: pread() "/etc/nginx/conf.d/default.conf" failed (21: Is a directory)
2019/09/27 13:52:02 [crit] 1#1: pread() "/etc/nginx/conf.d/default.conf" failed (21: Is a directory)
2019/09/27 13:52:10 [crit] 1#1: pread() "/etc/nginx/conf.d/default.conf" failed (21: Is a directory)
2019/09/27 13:52:25 [crit] 1#1: pread() "/etc/nginx/conf.d/default.conf" failed (21: Is a directory)
2019/09/27 13:52:54 [crit] 1#1: pread() "/etc/nginx/conf.d/default.conf" failed (21: Is a directory)
2019/09/27 13:53:47 [crit] 1#1: pread() "/etc/nginx/conf.d/default.conf" failed (21: Is a directory)
2019/09/27 13:54:48 [crit] 1#1: pread() "/etc/nginx/conf.d/default.conf" failed (21: Is a directory)
2019/09/27 13:55:50 [crit] 1#1: pread() "/etc/nginx/conf.d/default.conf" failed (21: Is a directory)
2019/09/27 13:56:00 [crit] 1#1: pread() "/etc/nginx/conf.d/default.conf" failed (21: Is a directory)
2019/09/27 13:56:04 [crit] 1#1: pread() "/etc/nginx/conf.d/default.conf" failed (21: Is a directory)
2019/09/27 13:56:07 [crit] 1#1: pread() "/etc/nginx/conf.d/default.conf" failed (21: Is a directory)
2019/09/27 13:56:10 [crit] 1#1: pread() "/etc/nginx/conf.d/default.conf" failed (21: Is a directory)
2019/09/27 13:56:13 [crit] 1#1: pread() "/etc/nginx/conf.d/default.conf" failed (21: Is a directory)
2019/09/27 13:56:35 [crit] 1#1: pread() "/etc/nginx/conf.d/default.conf" failed (21: Is a directory)
2019/09/27 13:56:38 [crit] 1#1: pread() "/etc/nginx/conf.d/default.conf" failed (21: Is a directory)
2019/09/27 13:56:42 [crit] 1#1: pread() "/etc/nginx/conf.d/default.conf" failed (21: Is a directory)
2019/09/27 13:56:45 [crit] 1#1: pread() "/etc/nginx/conf.d/default.conf" failed (21: Is a directory)
2019/09/27 13:56:49 [crit] 1#1: pread() "/etc/nginx/conf.d/default.conf" failed (21: Is a directory)
2019/09/27 13:56:52 [crit] 1#1: pread() "/etc/nginx/conf.d/default.conf" failed (21: Is a directory)
2019/09/27 13:56:57 [crit] 1#1: pread() "/etc/nginx/conf.d/default.conf" failed (21: Is a directory)
2019/09/27 13:57:05 [crit] 1#1: pread() "/etc/nginx/conf.d/default.conf" failed (21: Is a directory)
2019/09/27 13:57:20 [crit] 1#1: pread() "/etc/nginx/conf.d/default.conf" failed (21: Is a directory)
2019/09/27 13:57:47 [crit] 1#1: pread() "/etc/nginx/conf.d/default.conf" failed (21: Is a directory)
2019/09/27 13:57:50 [crit] 1#1: pread() "/etc/nginx/conf.d/default.conf" failed (21: Is a directory)
2019/09/27 13:57:54 [crit] 1#1: pread() "/etc/nginx/conf.d/default.conf" failed (21: Is a directory)
2019/09/27 13:57:57 [crit] 1#1: pread() "/etc/nginx/conf.d/default.conf" failed (21: Is a directory)
2019/09/27 13:58:01 [crit] 1#1: pread() "/etc/nginx/conf.d/default.conf" failed (21: Is a directory)
2019/09/27 13:58:04 [crit] 1#1: pread() "/etc/nginx/conf.d/default.conf" failed (21: Is a directory)
2019/09/27 13:58:09 [crit] 1#1: pread() "/etc/nginx/conf.d/default.conf" failed (21: Is a directory)
2019/09/27 13:58:17 [crit] 1#1: pread() "/etc/nginx/conf.d/default.conf" failed (21: Is a directory)
2019/09/27 13:58:23 [crit] 1#1: pread() "/etc/nginx/conf.d/default.conf" failed (21: Is a directory)
2019/09/27 13:58:26 [crit] 1#1: pread() "/etc/nginx/conf.d/default.conf" failed (21: Is a directory)
2019/09/27 13:58:30 [crit] 1#1: pread() "/etc/nginx/conf.d/default.conf" failed (21: Is a directory)
2019/09/27 13:58:33 [crit] 1#1: pread() "/etc/nginx/conf.d/default.conf" failed (21: Is a directory)
2019/09/27 13:58:36 [crit] 1#1: pread() "/etc/nginx/conf.d/default.conf" failed (21: Is a directory)
2019/09/27 13:58:40 [crit] 1#1: pread() "/etc/nginx/conf.d/default.conf" failed (21: Is a directory)
2019/09/27 14:43:05 [error] 6#6: *1 open() "/usr/share/nginx/html/favicon.ico" failed (2: No such file or directory), client: 172.25.0.1, server: localhost, request: "GET /favicon.ico HTTP/1.1", host: "www.class.dv"
2019/09/27 14:43:09 [error] 6#6: *3 open() "/usr/share/nginx/html/favicon.ico" failed (2: No such file or directory), client: 172.25.0.1, server: localhost, request: "GET /favicon.ico HTTP/1.1", host: "class.dv"
2019/09/27 14:43:15 [error] 6#6: *3 open() "/usr/share/nginx/html/index.php" failed (2: No such file or directory), client: 172.25.0.1, server: localhost, request: "GET /index.php HTTP/1.1", host: "class.dv"
2019/09/27 14:43:59 [error] 6#6: *1 open() "/usr/share/nginx/html/index.php" failed (2: No such file or directory), client: 172.25.0.1, server: localhost, request: "GET /index.php HTTP/1.1", host: "class.dv"
2019/09/27 14:44:00 [error] 6#6: *1 open() "/usr/share/nginx/html/index.php" failed (2: No such file or directory), client: 172.25.0.1, server: localhost, request: "GET /index.php HTTP/1.1", host: "class.dv"
2019/09/27 14:44:00 [error] 6#6: *1 open() "/usr/share/nginx/html/index.php" failed (2: No such file or directory), client: 172.25.0.1, server: localhost, request: "GET /index.php HTTP/1.1", host: "class.dv"
2019/09/27 14:44:00 [error] 6#6: *1 open() "/usr/share/nginx/html/index.php" failed (2: No such file or directory), client: 172.25.0.1, server: localhost, request: "GET /index.php HTTP/1.1", host: "class.dv"
2019/09/27 14:44:00 [error] 6#6: *1 open() "/usr/share/nginx/html/index.php" failed (2: No such file or directory), client: 172.25.0.1, server: localhost, request: "GET /index.php HTTP/1.1", host: "class.dv"
2019/09/27 14:44:01 [error] 6#6: *1 open() "/usr/share/nginx/html/index.php" failed (2: No such file or directory), client: 172.25.0.1, server: localhost, request: "GET /index.php HTTP/1.1", host: "class.dv"
2019/09/27 14:44:01 [error] 6#6: *1 open() "/usr/share/nginx/html/index.php" failed (2: No such file or directory), client: 172.25.0.1, server: localhost, request: "GET /index.php HTTP/1.1", host: "class.dv"
2019/09/27 14:44:02 [error] 6#6: *1 open() "/usr/share/nginx/html/index.php" failed (2: No such file or directory), client: 172.25.0.1, server: localhost, request: "GET /index.php HTTP/1.1", host: "class.dv"
2019/09/27 14:44:04 [error] 6#6: *1 open() "/usr/share/nginx/html/index.php" failed (2: No such file or directory), client: 172.25.0.1, server: localhost, request: "GET /index.php HTTP/1.1", host: "class.dv"
2019/09/27 14:44:04 [error] 6#6: *1 open() "/usr/share/nginx/html/index.php" failed (2: No such file or directory), client: 172.25.0.1, server: localhost, request: "GET /index.php HTTP/1.1", host: "class.dv"
2019/09/27 14:44:05 [error] 6#6: *1 open() "/usr/share/nginx/html/index.php" failed (2: No such file or directory), client: 172.25.0.1, server: localhost, request: "GET /index.php HTTP/1.1", host: "class.dv"
2019/09/27 14:44:05 [error] 6#6: *1 open() "/usr/share/nginx/html/index.php" failed (2: No such file or directory), client: 172.25.0.1, server: localhost, request: "GET /index.php HTTP/1.1", host: "class.dv"
2019/09/27 14:44:05 [error] 6#6: *1 open() "/usr/share/nginx/html/index.php" failed (2: No such file or directory), client: 172.25.0.1, server: localhost, request: "GET /index.php HTTP/1.1", host: "class.dv"
2019/09/27 14:44:05 [error] 6#6: *1 open() "/usr/share/nginx/html/index.php" failed (2: No such file or directory), client: 172.25.0.1, server: localhost, request: "GET /index.php HTTP/1.1", host: "class.dv"
2019/09/27 14:47:29 [error] 6#6: *1 open() "/usr/share/nginx/html/index.php" failed (2: No such file or directory), client: 172.25.0.1, server: localhost, request: "GET /index.php HTTP/1.1", host: "class.dv"
2019/09/27 14:47:37 [error] 6#6: *1 open() "/usr/share/nginx/html/index.php" failed (2: No such file or directory), client: 172.25.0.1, server: localhost, request: "GET /index.php HTTP/1.1", host: "class.dv"
2019/09/27 14:47:57 [error] 6#6: *1 open() "/usr/share/nginx/html/index.php" failed (2: No such file or directory), client: 172.25.0.1, server: localhost, request: "GET /index.php HTTP/1.1", host: "class.dv"
2019/09/27 14:47:58 [error] 6#6: *1 open() "/usr/share/nginx/html/index.php" failed (2: No such file or directory), client: 172.25.0.1, server: localhost, request: "GET /index.php HTTP/1.1", host: "class.dv"
2019/09/27 14:47:58 [error] 6#6: *1 open() "/usr/share/nginx/html/index.php" failed (2: No such file or directory), client: 172.25.0.1, server: localhost, request: "GET /index.php HTTP/1.1", host: "class.dv"
2019/09/27 14:47:58 [error] 6#6: *1 open() "/usr/share/nginx/html/index.php" failed (2: No such file or directory), client: 172.25.0.1, server: localhost, request: "GET /index.php HTTP/1.1", host: "class.dv"
2019/09/27 14:47:58 [error] 6#6: *1 open() "/usr/share/nginx/html/index.php" failed (2: No such file or directory), client: 172.25.0.1, server: localhost, request: "GET /index.php HTTP/1.1", host: "class.dv"
2019/09/27 14:47:58 [error] 6#6: *1 open() "/usr/share/nginx/html/index.php" failed (2: No such file or directory), client: 172.25.0.1, server: localhost, request: "GET /index.php HTTP/1.1", host: "class.dv"
2019/09/27 14:47:58 [error] 6#6: *1 open() "/usr/share/nginx/html/index.php" failed (2: No such file or directory), client: 172.25.0.1, server: localhost, request: "GET /index.php HTTP/1.1", host: "class.dv"
2019/09/27 14:47:58 [error] 6#6: *1 open() "/usr/share/nginx/html/index.php" failed (2: No such file or directory), client: 172.25.0.1, server: localhost, request: "GET /index.php HTTP/1.1", host: "class.dv"
2019/09/27 14:47:59 [error] 6#6: *1 open() "/usr/share/nginx/html/index.php" failed (2: No such file or directory), client: 172.25.0.1, server: localhost, request: "GET /index.php HTTP/1.1", host: "class.dv"
2019/09/27 14:50:04 [error] 6#6: *3 open() "/usr/share/nginx/html/favicon.ico" failed (2: No such file or directory), client: 172.25.0.1, server: localhost, request: "GET /favicon.ico HTTP/1.1", host: "nlotv.local"
2019/09/27 14:50:11 [error] 6#6: *4 open() "/usr/share/nginx/html/index.php" failed (2: No such file or directory), client: 172.25.0.1, server: localhost, request: "GET /index.php HTTP/1.1", host: "class.dv"
2019/09/27 14:50:12 [error] 6#6: *4 open() "/usr/share/nginx/html/index.php" failed (2: No such file or directory), client: 172.25.0.1, server: localhost, request: "GET /index.php HTTP/1.1", host: "class.dv"
2019/09/27 14:53:45 [error] 6#6: *1 open() "/usr/share/nginx/html/index.php" failed (2: No such file or directory), client: 172.25.0.1, server: localhost, request: "GET /index.php HTTP/1.1", host: "class.dv"
2019/09/27 14:53:47 [error] 6#6: *1 open() "/usr/share/nginx/html/index.php" failed (2: No such file or directory), client: 172.25.0.1, server: localhost, request: "GET /index.php HTTP/1.1", host: "class.dv"
2019/09/27 14:53:53 [error] 6#6: *1 open() "/usr/share/nginx/html/index.php" failed (2: No such file or directory), client: 172.25.0.1, server: localhost, request: "GET /index.php HTTP/1.1", host: "class.dv"
2019/09/27 14:54:02 [error] 6#6: *1 open() "/usr/share/nginx/html/index.php" failed (2: No such file or directory), client: 172.25.0.1, server: localhost, request: "GET /index.php HTTP/1.1", host: "class.dv"
2019/09/27 15:08:04 [error] 7#7: *1 open() "/usr/share/nginx/html/favicon.ico" failed (2: No such file or directory), client: 172.25.0.1, server: localhost, request: "GET /favicon.ico HTTP/1.1", host: "nlotv.local"
2019/09/27 15:08:04 [error] 7#7: *1 open() "/usr/share/nginx/html/favicon.ico" failed (2: No such file or directory), client: 172.25.0.1, server: localhost, request: "GET /favicon.ico HTTP/1.1", host: "nlotv.local"
2019/09/27 15:08:05 [error] 7#7: *1 open() "/usr/share/nginx/html/favicon.ico" failed (2: No such file or directory), client: 172.25.0.1, server: localhost, request: "GET /favicon.ico HTTP/1.1", host: "nlotv.local"
2019/09/27 15:08:06 [error] 7#7: *1 open() "/usr/share/nginx/html/favicon.ico" failed (2: No such file or directory), client: 172.25.0.1, server: localhost, request: "GET /favicon.ico HTTP/1.1", host: "nlotv.local"
2019/09/27 15:08:18 [error] 7#7: *4 open() "/usr/share/nginx/html/index.php" failed (2: No such file or directory), client: 172.25.0.1, server: localhost, request: "GET /index.php HTTP/1.1", host: "class.dv"
2019/09/27 15:08:35 [error] 7#7: *4 open() "/usr/share/nginx/html/index.php" failed (2: No such file or directory), client: 172.25.0.1, server: localhost, request: "GET /index.php HTTP/1.1", host: "class.dv"
2019/09/27 15:11:12 [error] 6#6: *1 open() "/usr/share/nginx/html/favicon.ico" failed (2: No such file or directory), client: 172.25.0.1, server: localhost, request: "GET /favicon.ico HTTP/1.1", host: "nlotv.local"
2019/09/27 15:11:12 [error] 6#6: *1 open() "/usr/share/nginx/html/favicon.ico" failed (2: No such file or directory), client: 172.25.0.1, server: localhost, request: "GET /favicon.ico HTTP/1.1", host: "nlotv.local"
2019/09/27 15:11:16 [error] 6#6: *1 open() "/usr/share/nginx/html/favicon.ico" failed (2: No such file or directory), client: 172.25.0.1, server: localhost, request: "GET /favicon.ico HTTP/1.1", host: "nlotv.local"
2019/09/27 15:11:16 [error] 6#6: *1 open() "/usr/share/nginx/html/favicon.ico" failed (2: No such file or directory), client: 172.25.0.1, server: localhost, request: "GET /favicon.ico HTTP/1.1", host: "nlotv.local"
2019/09/27 15:11:17 [error] 6#6: *1 open() "/usr/share/nginx/html/favicon.ico" failed (2: No such file or directory), client: 172.25.0.1, server: localhost, request: "GET /favicon.ico HTTP/1.1", host: "nlotv.local"
2019/09/27 15:11:18 [error] 6#6: *1 open() "/usr/share/nginx/html/favicon.ico" failed (2: No such file or directory), client: 172.25.0.1, server: localhost, request: "GET /favicon.ico HTTP/1.1", host: "nlotv.local"
2019/09/27 15:11:19 [error] 6#6: *1 open() "/usr/share/nginx/html/favicon.ico" failed (2: No such file or directory), client: 172.25.0.1, server: localhost, request: "GET /favicon.ico HTTP/1.1", host: "nlotv.local"
2019/09/27 15:11:20 [error] 6#6: *1 open() "/usr/share/nginx/html/favicon.ico" failed (2: No such file or directory), client: 172.25.0.1, server: localhost, request: "GET /favicon.ico HTTP/1.1", host: "nlotv.local"
2019/09/27 15:11:21 [error] 6#6: *2 open() "/usr/share/nginx/html/index.php" failed (2: No such file or directory), client: 172.25.0.1, server: localhost, request: "GET /index.php HTTP/1.1", host: "class.dv"
2019/09/27 15:11:22 [error] 6#6: *2 open() "/usr/share/nginx/html/index.php" failed (2: No such file or directory), client: 172.25.0.1, server: localhost, request: "GET /index.php HTTP/1.1", host: "class.dv"
2019/09/27 15:15:46 [emerg] 22#22: bind() to 0.0.0.0:80 failed (98: Address in use)
2019/09/27 15:15:46 [emerg] 22#22: bind() to 0.0.0.0:80 failed (98: Address in use)
2019/09/27 15:15:46 [emerg] 22#22: bind() to 0.0.0.0:80 failed (98: Address in use)
2019/09/27 15:15:46 [emerg] 22#22: bind() to 0.0.0.0:80 failed (98: Address in use)
2019/09/27 15:15:46 [emerg] 22#22: bind() to 0.0.0.0:80 failed (98: Address in use)
2019/09/27 15:15:46 [emerg] 22#22: still could not bind()
